<?xml version="1.0" encoding="UTF-8"?>
<!-- Generated by org.testng.reporters.JUnitReportReporter -->
<testsuite hostname="Artems-MacBook-Pro.local" failures="0" tests="2" name="messagepoint.ui.smoke.AuthorizationTests" time="5.099" errors="0" timestamp="2024-10-26T00:02:14 EDT" skipped="0">
  <testcase classname="messagepoint.ui.smoke.AuthorizationTests" name="login" time="1.676"/>
  <testcase classname="messagepoint.ui.smoke.AuthorizationTests" name="login" time="3.423"/>
</testsuite> <!-- messagepoint.ui.smoke.AuthorizationTests -->
