<?xml version="1.0" encoding="UTF-8"?>
<!-- Generated by org.testng.reporters.JUnitReportReporter -->
<testsuite hostname="Artems-MacBook-Pro.local" failures="0" tests="2" name="tests.umh.smoke.AuthorizationTests" time="8.381" errors="0" timestamp="2024-10-22T21:38:36 EDT" skipped="0">
  <testcase classname="tests.umh.smoke.AuthorizationTests" name="login" time="3.761"/>
  <testcase classname="tests.umh.smoke.AuthorizationTests" name="login" time="4.620"/>
</testsuite> <!-- tests.umh.smoke.AuthorizationTests -->
